<?xml version="1.0" encoding="UTF-8"?>
<coverage generated="1520774250079" clover="3.2.0">
  <project timestamp="1520774250079" name="All files">
    <metrics statements="4" coveredstatements="4" conditionals="0" coveredconditionals="0" methods="2" coveredmethods="2" elements="6" coveredelements="6" complexity="0" loc="4" ncloc="4" packages="1" files="2" classes="2">
      <file name="add.js" path="/Users/hgp/development/sideprojects/talks/jestStarter/add.js">
        <metrics statements="2" coveredstatements="2" conditionals="0" coveredconditionals="0" methods="1" coveredmethods="1"/>
        <line num="1" count="1" type="stmt"/>
        <line num="2" count="1" type="stmt"/>
      </file>
      <file name="foo.js" path="/Users/hgp/development/sideprojects/talks/jestStarter/foo.js">
        <metrics statements="2" coveredstatements="2" conditionals="0" coveredconditionals="0" methods="1" coveredmethods="1"/>
        <line num="1" count="1" type="stmt"/>
        <line num="2" count="1" type="stmt"/>
      </file>
    </metrics>
  </project>
</coverage>
