<?xml version="1.0" encoding="UTF-8"?>
<coverage generated="1521661301515" clover="3.2.0">
    <project timestamp="1521661301515" name="All files">
        <metrics statements="10" coveredstatements="10" conditionals="0" coveredconditionals="0" methods="6"
            coveredmethods="6" elements="16" coveredelements="16" complexity="0" loc="10" ncloc="10" packages="1"
            files="4" classes="4">
            <file name="add.js" path="/Users/hgp/development/sideprojects/talks/jestStarter/add.js">
                <metrics statements="2" coveredstatements="2" conditionals="0" coveredconditionals="0" methods="1"
                    coveredmethods="1"/>
                <line num="1" count="1" type="stmt"/>
                <line num="2" count="2" type="stmt"/>
            </file>
            <file name="mockable.js" path="/Users/hgp/development/sideprojects/talks/jestStarter/mockable.js">
                <metrics statements="4" coveredstatements="4" conditionals="0" coveredconditionals="0" methods="2"
                    coveredmethods="2"/>
                <line num="2" count="1" type="stmt"/>
                <line num="3" count="1" type="stmt"/>
                <line num="4" count="1" type="stmt"/>
                <line num="8" count="1" type="stmt"/>
            </file>
            <file name="objectProducer.js"
                path="/Users/hgp/development/sideprojects/talks/jestStarter/objectProducer.js">
                <metrics statements="2" coveredstatements="2" conditionals="0" coveredconditionals="0" methods="2"
                    coveredmethods="2"/>
                <line num="1" count="9" type="stmt"/>
                <line num="8" count="2" type="stmt"/>
            </file>
            <file name="stringProducer.js"
                path="/Users/hgp/development/sideprojects/talks/jestStarter/stringProducer.js">
                <metrics statements="2" coveredstatements="2" conditionals="0" coveredconditionals="0" methods="1"
                    coveredmethods="1"/>
                <line num="1" count="1" type="stmt"/>
                <line num="2" count="1" type="stmt"/>
            </file>
        </metrics>
    </project>
</coverage>
