{"/Users/hgp/development/sideprojects/talks/jestStarter/add.js": {"path":"/Users/hgp/development/sideprojects/talks/jestStarter/add.js","statementMap":{"0":{"start":{"line":1,"column":19},"end":{"line":3,"column":1}},"1":{"start":{"line":2,"column":2},"end":{"line":2,"column":15}}},"fnMap":{"0":{"name":"(anonymous_0)","decl":{"start":{"line":1,"column":19},"end":{"line":1,"column":20}},"loc":{"start":{"line":1,"column":29},"end":{"line":3,"column":1}},"line":1}},"branchMap":{},"s":{"0":1,"1":2},"f":{"0":2},"b":{},"_coverageSchema":"332fd63041d2c1bcb487cc26dd0d5f7d97098a6c","hash":"92fffeb0deeb6c06e6fa9a7b582b87ceee0568fc"}
,"/Users/hgp/development/sideprojects/talks/jestStarter/mockable.js": {"path":"/Users/hgp/development/sideprojects/talks/jestStarter/mockable.js","statementMap":{"0":{"start":{"line":2,"column":4},"end":{"line":2,"column":25}},"1":{"start":{"line":3,"column":4},"end":{"line":3,"column":25}},"2":{"start":{"line":4,"column":4},"end":{"line":4,"column":25}},"3":{"start":{"line":8,"column":3},"end":{"line":8,"column":34}}},"fnMap":{"0":{"name":"objectCaller","decl":{"start":{"line":1,"column":16},"end":{"line":1,"column":28}},"loc":{"start":{"line":1,"column":41},"end":{"line":5,"column":1}},"line":1},"1":{"name":"objectCallerAndReturner","decl":{"start":{"line":7,"column":16},"end":{"line":7,"column":39}},"loc":{"start":{"line":7,"column":52},"end":{"line":9,"column":1}},"line":7}},"branchMap":{},"s":{"0":1,"1":1,"2":1,"3":1},"f":{"0":1,"1":1},"b":{},"_coverageSchema":"332fd63041d2c1bcb487cc26dd0d5f7d97098a6c","hash":"c1c43e3e78f592523be7ced7c58caca214e4f660"}
,"/Users/hgp/development/sideprojects/talks/jestStarter/objectProducer.js": {"path":"/Users/hgp/development/sideprojects/talks/jestStarter/objectProducer.js","statementMap":{"0":{"start":{"line":1,"column":30},"end":{"line":4,"column":2}},"1":{"start":{"line":1,"column":42},"end":{"line":4,"column":1}},"2":{"start":{"line":8,"column":4},"end":{"line":8,"column":87}}},"fnMap":{"0":{"name":"(anonymous_0)","decl":{"start":{"line":1,"column":30},"end":{"line":1,"column":31}},"loc":{"start":{"line":1,"column":42},"end":{"line":4,"column":1}},"line":1},"1":{"name":"arrayProducer","decl":{"start":{"line":7,"column":16},"end":{"line":7,"column":29}},"loc":{"start":{"line":7,"column":32},"end":{"line":9,"column":1}},"line":7}},"branchMap":{},"s":{"0":1,"1":9,"2":2},"f":{"0":9,"1":2},"b":{},"_coverageSchema":"332fd63041d2c1bcb487cc26dd0d5f7d97098a6c","hash":"89a33cc5897a4d444f691b1465c045300f4e17bb"}
,"/Users/hgp/development/sideprojects/talks/jestStarter/stringProducer.js": {"path":"/Users/hgp/development/sideprojects/talks/jestStarter/stringProducer.js","statementMap":{"0":{"start":{"line":1,"column":30},"end":{"line":3,"column":1}},"1":{"start":{"line":2,"column":2},"end":{"line":2,"column":24}}},"fnMap":{"0":{"name":"(anonymous_0)","decl":{"start":{"line":1,"column":30},"end":{"line":1,"column":31}},"loc":{"start":{"line":1,"column":35},"end":{"line":3,"column":1}},"line":1}},"branchMap":{},"s":{"0":1,"1":1},"f":{"0":1},"b":{},"_coverageSchema":"332fd63041d2c1bcb487cc26dd0d5f7d97098a6c","hash":"169092362fc57ed7fa758ab182b220aaf04e59e6"}
}
