TN:
SF:/Users/hgp/development/sideprojects/talks/jestStarter/add.js
FN:1,(anonymous_0)
FNF:1
FNH:1
FNDA:2,(anonymous_0)
DA:1,1
DA:2,2
LF:2
LH:2
BRF:0
BRH:0
end_of_record
TN:
SF:/Users/hgp/development/sideprojects/talks/jestStarter/mockable.js
FN:1,objectCaller
FN:7,objectCallerAndReturner
FNF:2
FNH:2
FNDA:1,objectCaller
FNDA:1,objectCallerAndReturner
DA:2,1
DA:3,1
DA:4,1
DA:8,1
LF:4
LH:4
BRF:0
BRH:0
end_of_record
TN:
SF:/Users/hgp/development/sideprojects/talks/jestStarter/objectProducer.js
FN:1,(anonymous_0)
FN:7,arrayProducer
FNF:2
FNH:2
FNDA:9,(anonymous_0)
FNDA:2,arrayProducer
DA:1,9
DA:8,2
LF:2
LH:2
BRF:0
BRH:0
end_of_record
TN:
SF:/Users/hgp/development/sideprojects/talks/jestStarter/stringProducer.js
FN:1,(anonymous_0)
FNF:1
FNH:1
FNDA:1,(anonymous_0)
DA:1,1
DA:2,1
LF:2
LH:2
BRF:0
BRH:0
end_of_record
